<?xml version="1.0" encoding="UTF-8"?>
<testng-results skipped="0" failed="0" ignored="0" total="1" passed="1">
  <reporter-output>
  </reporter-output>
  <suite name="Default suite" duration-ms="78" started-at="2018-10-26T14:45:40Z" finished-at="2018-10-26T14:45:40Z">
    <groups>
    </groups>
    <test name="Default test" duration-ms="78" started-at="2018-10-26T14:45:40Z" finished-at="2018-10-26T14:45:40Z">
      <class name="Test.tc">
        <test-method status="PASS" signature="abc()[pri:0, instance:Test.tc@61a485d2]" name="abc" duration-ms="27" started-at="2018-10-26T16:45:40Z" finished-at="2018-10-26T16:45:40Z">
          <reporter-output>
          </reporter-output>
        </test-method> <!-- abc -->
      </class> <!-- Test.tc -->
    </test> <!-- Default test -->
  </suite> <!-- Default suite -->
</testng-results>
